-------------------------------------------------------------------------------
Test set: itson.sistemarestaurantepersistencia.implementaciones.MesasDAOTest
-------------------------------------------------------------------------------
Tests run: 5, Failures: 0, Errors: 1, Skipped: 0, Time elapsed: 0.068 s <<< FAILURE! - in itson.sistemarestaurantepersistencia.implementaciones.MesasDAOTest
testInsertarMesasIniciales  Time elapsed: 0.063 s  <<< ERROR!
javax.persistence.RollbackException: 
Exception [EclipseLink-4002] (Eclipse Persistence Services - 2.7.12.v20230209-e5c4074ef3): org.eclipse.persistence.exceptions.DatabaseException
Internal Exception: java.sql.SQLIntegrityConstraintViolationException: Duplicate entry '14' for key 'mesas.numeroMesa'
Error Code: 1062
Call: INSERT INTO mesas (estadoMesa, numeroMesa) VALUES (?, ?)
	bind => [2 parameters bound]
Query: InsertObjectQuery(itson.sistemarestaurantedominio.Mesa[ id=null ])
	at itson.sistemarestaurantepersistencia.implementaciones.MesasDAOTest.testInsertarMesasIniciales(MesasDAOTest.java:76)
Caused by: org.eclipse.persistence.exceptions.DatabaseException: 

Internal Exception: java.sql.SQLIntegrityConstraintViolationException: Duplicate entry '14' for key 'mesas.numeroMesa'
Error Code: 1062
Call: INSERT INTO mesas (estadoMesa, numeroMesa) VALUES (?, ?)
	bind => [2 parameters bound]
Query: InsertObjectQuery(itson.sistemarestaurantedominio.Mesa[ id=null ])
	at itson.sistemarestaurantepersistencia.implementaciones.MesasDAOTest.testInsertarMesasIniciales(MesasDAOTest.java:76)
Caused by: java.sql.SQLIntegrityConstraintViolationException: Duplicate entry '14' for key 'mesas.numeroMesa'
	at itson.sistemarestaurantepersistencia.implementaciones.MesasDAOTest.testInsertarMesasIniciales(MesasDAOTest.java:76)

