<?xml version="1.0" encoding="UTF-8"?>
<testsuite xmlns:xsi="http://www.w3.org/2001/XMLSchema-instance" xsi:noNamespaceSchemaLocation="https://maven.apache.org/surefire/maven-surefire-plugin/xsd/surefire-test-report.xsd" name="itson.sistemarestaurantepersistencia.implementaciones.ClientesFrecuentesDAOTest" time="1.387" tests="4" errors="2" skipped="0" failures="0">
  <properties>
[...]
</properties>
  <testcase name="testObtenerTodosLosClientes" classname="itson.sistemarestaurantepersistencia.implementaciones.ClientesFrecuentesDAOTest" time="0.918"/>
  <testcase name="testRegistrarClienteOk" classname="itson.sistemarestaurantepersistencia.implementaciones.ClientesFrecuentesDAOTest" time="0.404">
    <error message="Exception [EclipseLink-4002] (Eclipse Persistence Services - 2.7.12.v20230209-e5c4074ef3): org.eclipse.persistence.exceptions.DatabaseException&#10;Internal Exception: java.sql.SQLIntegrityConstraintViolationException: Duplicate entry &apos;1451451451&apos; for key &apos;clientesfrecuentes.telefono&apos;&#10;Error Code: 1062&#10;Call: INSERT INTO clientesFrecuentes (apellidoMaterno, apellidoPaterno, correo, fechaRegistro, nombre, puntosFidelidad, telefono) VALUES (?, ?, ?, ?, ?, ?, ?)&#10;	bind =&gt; [7 parameters bound]&#10;Query: InsertObjectQuery(ClienteFrecuente{id=null, nombre=&apos;Carlos&apos;, apellidoPaterno=&apos;Moreno&apos;, apellidoMaterno=&apos;Lopez&apos;, telefono=&apos;1451451451&apos;, correo=&apos;ari@gmail.com&apos;, fechaRegistro=Fri Apr 11 21:52:22 MST 2025})" type="javax.persistence.RollbackException">javax.persistence.RollbackException: 
Exception [EclipseLink-4002] (Eclipse Persistence Services - 2.7.12.v20230209-e5c4074ef3): org.eclipse.persistence.exceptions.DatabaseException
Internal Exception: java.sql.SQLIntegrityConstraintViolationException: Duplicate entry '1451451451' for key 'clientesfrecuentes.telefono'
Error Code: 1062
Call: INSERT INTO clientesFrecuentes (apellidoMaterno, apellidoPaterno, correo, fechaRegistro, nombre, puntosFidelidad, telefono) VALUES (?, ?, ?, ?, ?, ?, ?)
	bind => [7 parameters bound]
Query: InsertObjectQuery(ClienteFrecuente{id=null, nombre='Carlos', apellidoPaterno='Moreno', apellidoMaterno='Lopez', telefono='1451451451', correo='ari@gmail.com', fechaRegistro=Fri Apr 11 21:52:22 MST 2025})
	at itson.sistemarestaurantepersistencia.implementaciones.ClientesFrecuentesDAOTest.testRegistrarClienteOk(ClientesFrecuentesDAOTest.java:50)
Caused by: org.eclipse.persistence.exceptions.DatabaseException: 

Internal Exception: java.sql.SQLIntegrityConstraintViolationException: Duplicate entry '1451451451' for key 'clientesfrecuentes.telefono'
Error Code: 1062
Call: INSERT INTO clientesFrecuentes (apellidoMaterno, apellidoPaterno, correo, fechaRegistro, nombre, puntosFidelidad, telefono) VALUES (?, ?, ?, ?, ?, ?, ?)
	bind => [7 parameters bound]
Query: InsertObjectQuery(ClienteFrecuente{id=null, nombre='Carlos', apellidoPaterno='Moreno', apellidoMaterno='Lopez', telefono='1451451451', correo='ari@gmail.com', fechaRegistro=Fri Apr 11 21:52:22 MST 2025})
	at itson.sistemarestaurantepersistencia.implementaciones.ClientesFrecuentesDAOTest.testRegistrarClienteOk(ClientesFrecuentesDAOTest.java:50)
Caused by: java.sql.SQLIntegrityConstraintViolationException: Duplicate entry '1451451451' for key 'clientesfrecuentes.telefono'
	at itson.sistemarestaurantepersistencia.implementaciones.ClientesFrecuentesDAOTest.testRegistrarClienteOk(ClientesFrecuentesDAOTest.java:50)
</error>
    <system-out><![CDATA[[EL Warning]: 2025-04-11 21:52:23.204--UnitOfWork(1953175805)--Exception [EclipseLink-4002] (Eclipse Persistence Services - 2.7.12.v20230209-e5c4074ef3): org.eclipse.persistence.exceptions.DatabaseException
Internal Exception: java.sql.SQLIntegrityConstraintViolationException: Duplicate entry '1451451451' for key 'clientesfrecuentes.telefono'
Error Code: 1062
Call: INSERT INTO clientesFrecuentes (apellidoMaterno, apellidoPaterno, correo, fechaRegistro, nombre, puntosFidelidad, telefono) VALUES (?, ?, ?, ?, ?, ?, ?)
	bind => [7 parameters bound]
Query: InsertObjectQuery(ClienteFrecuente{id=null, nombre='Carlos', apellidoPaterno='Moreno', apellidoMaterno='Lopez', telefono='1451451451', correo='ari@gmail.com', fechaRegistro=Fri Apr 11 21:52:22 MST 2025})
]]></system-out>
  </testcase>
  <testcase name="testRegistrarClienteCorreoNull" classname="itson.sistemarestaurantepersistencia.implementaciones.ClientesFrecuentesDAOTest" time="0.018">
    <error message="Exception [EclipseLink-4002] (Eclipse Persistence Services - 2.7.12.v20230209-e5c4074ef3): org.eclipse.persistence.exceptions.DatabaseException&#10;Internal Exception: java.sql.SQLIntegrityConstraintViolationException: Duplicate entry &apos;1111111111&apos; for key &apos;clientesfrecuentes.telefono&apos;&#10;Error Code: 1062&#10;Call: INSERT INTO clientesFrecuentes (apellidoMaterno, apellidoPaterno, correo, fechaRegistro, nombre, puntosFidelidad, telefono) VALUES (?, ?, ?, ?, ?, ?, ?)&#10;	bind =&gt; [7 parameters bound]&#10;Query: InsertObjectQuery(ClienteFrecuente{id=null, nombre=&apos;Carlos&apos;, apellidoPaterno=&apos;Moreno&apos;, apellidoMaterno=&apos;Lopez&apos;, telefono=&apos;1111111111&apos;, correo=&apos;null&apos;, fechaRegistro=Fri Apr 11 21:52:23 MST 2025})" type="javax.persistence.RollbackException">javax.persistence.RollbackException: 
Exception [EclipseLink-4002] (Eclipse Persistence Services - 2.7.12.v20230209-e5c4074ef3): org.eclipse.persistence.exceptions.DatabaseException
Internal Exception: java.sql.SQLIntegrityConstraintViolationException: Duplicate entry '1111111111' for key 'clientesfrecuentes.telefono'
Error Code: 1062
Call: INSERT INTO clientesFrecuentes (apellidoMaterno, apellidoPaterno, correo, fechaRegistro, nombre, puntosFidelidad, telefono) VALUES (?, ?, ?, ?, ?, ?, ?)
	bind => [7 parameters bound]
Query: InsertObjectQuery(ClienteFrecuente{id=null, nombre='Carlos', apellidoPaterno='Moreno', apellidoMaterno='Lopez', telefono='1111111111', correo='null', fechaRegistro=Fri Apr 11 21:52:23 MST 2025})
	at itson.sistemarestaurantepersistencia.implementaciones.ClientesFrecuentesDAOTest.testRegistrarClienteCorreoNull(ClientesFrecuentesDAOTest.java:68)
Caused by: org.eclipse.persistence.exceptions.DatabaseException: 

Internal Exception: java.sql.SQLIntegrityConstraintViolationException: Duplicate entry '1111111111' for key 'clientesfrecuentes.telefono'
Error Code: 1062
Call: INSERT INTO clientesFrecuentes (apellidoMaterno, apellidoPaterno, correo, fechaRegistro, nombre, puntosFidelidad, telefono) VALUES (?, ?, ?, ?, ?, ?, ?)
	bind => [7 parameters bound]
Query: InsertObjectQuery(ClienteFrecuente{id=null, nombre='Carlos', apellidoPaterno='Moreno', apellidoMaterno='Lopez', telefono='1111111111', correo='null', fechaRegistro=Fri Apr 11 21:52:23 MST 2025})
	at itson.sistemarestaurantepersistencia.implementaciones.ClientesFrecuentesDAOTest.testRegistrarClienteCorreoNull(ClientesFrecuentesDAOTest.java:68)
Caused by: java.sql.SQLIntegrityConstraintViolationException: Duplicate entry '1111111111' for key 'clientesfrecuentes.telefono'
	at itson.sistemarestaurantepersistencia.implementaciones.ClientesFrecuentesDAOTest.testRegistrarClienteCorreoNull(ClientesFrecuentesDAOTest.java:68)
</error>
    <system-out><![CDATA[[EL Warning]: 2025-04-11 21:52:23.236--UnitOfWork(757779849)--Exception [EclipseLink-4002] (Eclipse Persistence Services - 2.7.12.v20230209-e5c4074ef3): org.eclipse.persistence.exceptions.DatabaseException
Internal Exception: java.sql.SQLIntegrityConstraintViolationException: Duplicate entry '1111111111' for key 'clientesfrecuentes.telefono'
Error Code: 1062
Call: INSERT INTO clientesFrecuentes (apellidoMaterno, apellidoPaterno, correo, fechaRegistro, nombre, puntosFidelidad, telefono) VALUES (?, ?, ?, ?, ?, ?, ?)
	bind => [7 parameters bound]
Query: InsertObjectQuery(ClienteFrecuente{id=null, nombre='Carlos', apellidoPaterno='Moreno', apellidoMaterno='Lopez', telefono='1111111111', correo='null', fechaRegistro=Fri Apr 11 21:52:23 MST 2025})
]]></system-out>
  </testcase>
  <testcase name="testObtenerReporteClientesFrecuentes" classname="itson.sistemarestaurantepersistencia.implementaciones.ClientesFrecuentesDAOTest" time="0.028"/>
</testsuite>